2013/11/22 08:30:21 [error] [exception.CException] exception 'CException' with message 'DefaultController 无法找到请求的视图 "report".' in /f/GitHub/Yii/framework/web/CController.php:878
Stack trace:
#0 /f/GitHub/Yii/framework/web/CController.php(782): CController->renderPartial('report', Array, true)
#1 /f/GitHub/CRM/protected/modules/juren/views/default/login.php(21): CController->render('report', Array)
#2 /f/GitHub/Yii/framework/web/CBaseController.php(126): require('/f/GitHub/CRM/p...')
#3 /f/GitHub/Yii/framework/web/CBaseController.php(95): CBaseController->renderInternal('/f/GitHub/CRM/p...', Array, true)
#4 /f/GitHub/Yii/framework/web/CController.php(869): CBaseController->renderFile('/f/GitHub/CRM/p...', Array, true)
#5 /f/GitHub/Yii/framework/web/CController.php(782): CController->renderPartial('login', Array, true)
#6 /f/GitHub/CRM/protected/modules/juren/controllers/DefaultController.php(126): CController->render('login', Array)
#7 [internal function]: DefaultController->actionLogin(false)
#8 /f/GitHub/Yii/framework/web/actions/CAction.php(108): ReflectionMethod->invokeArgs(Object(DefaultController), Array)
#9 /f/GitHub/Yii/framework/web/actions/CInlineAction.php(47): CAction->runWithParamsInternal(Object(DefaultController), Object(ReflectionMethod), Array)
#10 /f/GitHub/Yii/framework/web/CController.php(308): CInlineAction->runWithParams(Array)
#11 /f/GitHub/Yii/framework/web/filters/CFilterChain.php(133): CController->runAction(Object(CInlineAction))
#12 /f/GitHub/Yii/framework/web/CController.php(291): CFilterChain->run()
#13 /f/GitHub/Yii/framework/web/CController.php(265): CController->runActionWithFilters(Object(CInlineAction), Array)
#14 /f/GitHub/Yii/framework/web/CWebApplication.php(282): CController->run('login')
#15 /f/GitHub/Yii/framework/web/CWebApplication.php(141): CWebApplication->runController('juren/default/l...')
#16 /f/GitHub/Yii/framework/base/CApplication.php(180): CWebApplication->processRequest()
#17 /f/GitHub/CRM/index.php(14): CApplication->run()
#18 {main}
REQUEST_URI=/GitHub/CRM/juren/default/login?page=1000
---
2013/11/23 14:30:01 [error] [exception.CHttpException.202] exception 'CHttpException' with message '非法操作' in /f/GitHub/CRM/protected/components/Controller.php:376
Stack trace:
#0 /f/GitHub/CRM/protected/components/Controller.php(373): Controller->error(202, '????????????')
#1 /f/GitHub/CRM/protected/controllers/SiteController.php(52): Controller->errorE()
#2 /f/GitHub/Yii/framework/web/actions/CInlineAction.php(49): SiteController->actionIndex()
#3 /f/GitHub/Yii/framework/web/CController.php(308): CInlineAction->runWithParams(Array)
#4 /f/GitHub/Yii/framework/web/filters/CFilterChain.php(133): CController->runAction(Object(CInlineAction))
#5 /f/GitHub/Yii/framework/web/filters/CFilter.php(40): CFilterChain->run()
#6 /f/GitHub/CRM/protected/modules/rights/components/RController.php(36): CFilter->filter(Object(CFilterChain))
#7 /f/GitHub/Yii/framework/web/filters/CInlineFilter.php(58): RController->filterRights(Object(CFilterChain))
#8 /f/GitHub/Yii/framework/web/filters/CFilterChain.php(130): CInlineFilter->filter(Object(CFilterChain))
#9 /f/GitHub/Yii/framework/web/CController.php(291): CFilterChain->run()
#10 /f/GitHub/Yii/framework/web/CController.php(265): CController->runActionWithFilters(Object(CInlineAction), Array)
#11 /f/GitHub/Yii/framework/web/CWebApplication.php(282): CController->run('')
#12 /f/GitHub/Yii/framework/web/CWebApplication.php(141): CWebApplication->runController('')
#13 /f/GitHub/Yii/framework/base/CApplication.php(180): CWebApplication->processRequest()
#14 /f/GitHub/CRM/index.php(14): CApplication->run()
#15 {main}
REQUEST_URI=/GitHub/CRM/
---
2013/11/23 14:30:08 [error] [exception.CHttpException.202] exception 'CHttpException' with message '非法操作' in /f/GitHub/CRM/protected/components/Controller.php:376
Stack trace:
#0 /f/GitHub/CRM/protected/components/Controller.php(373): Controller->error(202, '????????????')
#1 /f/GitHub/CRM/protected/controllers/SiteController.php(52): Controller->errorE()
#2 /f/GitHub/Yii/framework/web/actions/CInlineAction.php(49): SiteController->actionIndex()
#3 /f/GitHub/Yii/framework/web/CController.php(308): CInlineAction->runWithParams(Array)
#4 /f/GitHub/Yii/framework/web/filters/CFilterChain.php(133): CController->runAction(Object(CInlineAction))
#5 /f/GitHub/Yii/framework/web/filters/CFilter.php(40): CFilterChain->run()
#6 /f/GitHub/CRM/protected/modules/rights/components/RController.php(36): CFilter->filter(Object(CFilterChain))
#7 /f/GitHub/Yii/framework/web/filters/CInlineFilter.php(58): RController->filterRights(Object(CFilterChain))
#8 /f/GitHub/Yii/framework/web/filters/CFilterChain.php(130): CInlineFilter->filter(Object(CFilterChain))
#9 /f/GitHub/Yii/framework/web/CController.php(291): CFilterChain->run()
#10 /f/GitHub/Yii/framework/web/CController.php(265): CController->runActionWithFilters(Object(CInlineAction), Array)
#11 /f/GitHub/Yii/framework/web/CWebApplication.php(282): CController->run('')
#12 /f/GitHub/Yii/framework/web/CWebApplication.php(141): CWebApplication->runController('')
#13 /f/GitHub/Yii/framework/base/CApplication.php(180): CWebApplication->processRequest()
#14 /f/GitHub/CRM/index.php(14): CApplication->run()
#15 {main}
REQUEST_URI=/GitHub/CRM/
---
2013/11/23 14:30:09 [error] [exception.CHttpException.404] exception 'CHttpException' with message '无法解析请求 "favicon.ico"。' in /f/GitHub/Yii/framework/web/CWebApplication.php:286
Stack trace:
#0 /f/GitHub/Yii/framework/web/CWebApplication.php(141): CWebApplication->runController('favicon.ico')
#1 /f/GitHub/Yii/framework/base/CApplication.php(180): CWebApplication->processRequest()
#2 /f/GitHub/CRM/index.php(14): CApplication->run()
#3 {main}
REQUEST_URI=/GitHub/CRM/favicon.ico
---
2013/11/25 10:41:49 [error] [exception.CHttpException.202] exception 'CHttpException' with message '会员信息不存在！' in /f/GitHub/CRM/protected/components/Controller.php:376
Stack trace:
#0 /f/GitHub/CRM/protected/components/Controller.php(373): Controller->error(202, '???????????????...')
#1 /f/GitHub/CRM/protected/controllers/SiteController.php(127): Controller->errorE('???????????????...')
#2 /f/GitHub/CRM/protected/controllers/SiteController.php(190): SiteController->inits(false)
#3 [internal function]: SiteController->actionLogin(false)
#4 /f/GitHub/Yii/framework/web/actions/CAction.php(108): ReflectionMethod->invokeArgs(Object(SiteController), Array)
#5 /f/GitHub/Yii/framework/web/actions/CInlineAction.php(47): CAction->runWithParamsInternal(Object(SiteController), Object(ReflectionMethod), Array)
#6 /f/GitHub/Yii/framework/web/CController.php(308): CInlineAction->runWithParams(Array)
#7 /f/GitHub/Yii/framework/web/filters/CFilterChain.php(133): CController->runAction(Object(CInlineAction))
#8 /f/GitHub/Yii/framework/web/filters/CFilter.php(40): CFilterChain->run()
#9 /f/GitHub/CRM/protected/modules/rights/components/RController.php(36): CFilter->filter(Object(CFilterChain))
#10 /f/GitHub/Yii/framework/web/filters/CInlineFilter.php(58): RController->filterRights(Object(CFilterChain))
#11 /f/GitHub/Yii/framework/web/filters/CFilterChain.php(130): CInlineFilter->filter(Object(CFilterChain))
#12 /f/GitHub/Yii/framework/web/CController.php(291): CFilterChain->run()
#13 /f/GitHub/Yii/framework/web/CController.php(265): CController->runActionWithFilters(Object(CInlineAction), Array)
#14 /f/GitHub/Yii/framework/web/CWebApplication.php(282): CController->run('login')
#15 /f/GitHub/Yii/framework/web/CWebApplication.php(141): CWebApplication->runController('site/login')
#16 /f/GitHub/Yii/framework/base/CApplication.php(180): CWebApplication->processRequest()
#17 /f/GitHub/CRM/index.php(14): CApplication->run()
#18 {main}
REQUEST_URI=/GitHub/CRM/site/login
---
2013/11/25 10:41:54 [error] [exception.CHttpException.404] exception 'CHttpException' with message '系统无法找到请求的 "favicon.ico" 动作.' in /f/GitHub/Yii/framework/web/CController.php:483
Stack trace:
#0 /f/GitHub/Yii/framework/web/CController.php(270): CController->missingAction('favicon.ico')
#1 /f/GitHub/Yii/framework/web/CWebApplication.php(282): CController->run('favicon.ico')
#2 /f/GitHub/Yii/framework/web/CWebApplication.php(141): CWebApplication->runController('site/favicon.ic...')
#3 /f/GitHub/Yii/framework/base/CApplication.php(180): CWebApplication->processRequest()
#4 /f/GitHub/CRM/index.php(14): CApplication->run()
#5 {main}
REQUEST_URI=/GitHub/CRM/site/favicon.ico
---
2013/11/25 10:42:11 [error] [system.db.CDbCommand] CDbCommand::fetchColumn() failed: SQLSTATE[42000]: Syntax error or access violation: 1064 You have an error in your SQL syntax; check the manual that corresponds to your MySQL server version for the right syntax to use near 'AMD user )' at line 1. The SQL statement executed was: SELECT COUNT(*) FROM `tak_manage` `t` WHERE (fromid=1) AND ( fromid = 1 AMD user ).
in /f/GitHub/CRM/protected/modules/rights/components/dataproviders/RAssignmentDataProvider.php (30)
in /f/GitHub/CRM/protected/extensions/bootstrap/widgets/TbGridView.php (49)
in /f/GitHub/CRM/protected/modules/rights/views/assignment/view.php (77)
2013/11/25 10:42:11 [error] [exception.CDbException] exception 'CDbException' with message 'CDbCommand 无法执行 SQL 语句: SQLSTATE[42000]: Syntax error or access violation: 1064 You have an error in your SQL syntax; check the manual that corresponds to your MySQL server version for the right syntax to use near 'AMD user )' at line 1. The SQL statement executed was: SELECT COUNT(*) FROM `tak_manage` `t` WHERE (fromid=1) AND ( fromid = 1 AMD user )' in /f/GitHub/Yii/framework/db/CDbCommand.php:551
Stack trace:
#0 /f/GitHub/Yii/framework/db/CDbCommand.php(433): CDbCommand->queryInternal('fetchColumn', 0, Array)
#1 /f/GitHub/Yii/framework/db/ar/CActiveRecord.php(1601): CDbCommand->queryScalar()
#2 /f/GitHub/Yii/framework/web/CActiveDataProvider.php(228): CActiveRecord->count(Object(CDbCriteria))
#3 /f/GitHub/Yii/framework/web/CDataProvider.php(224): CActiveDataProvider->calculateTotalItemCount()
#4 /f/GitHub/Yii/framework/web/CActiveDataProvider.php(178): CDataProvider->getTotalItemCount()
#5 /f/GitHub/CRM/protected/modules/rights/components/dataproviders/RAssignmentDataProvider.php(30): CActiveDataProvider->fetchData()
#6 /f/GitHub/Yii/framework/web/CDataProvider.php(168): RAssignmentDataProvider->fetchData()
#7 /f/GitHub/Yii/framework/zii/widgets/CBaseListView.php(111): CDataProvider->getData()
#8 /f/GitHub/Yii/framework/zii/widgets/grid/CGridView.php(339): CBaseListView->init()
#9 /f/GitHub/CRM/protected/extensions/bootstrap/widgets/TbGridView.php(49): CGridView->init()
#10 /f/GitHub/Yii/framework/web/CBaseController.php(147): TbGridView->init()
#11 /f/GitHub/Yii/framework/web/CBaseController.php(172): CBaseController->createWidget('bootstrap.widge...', Array)
#12 /f/GitHub/CRM/protected/modules/rights/views/assignment/view.php(77): CBaseController->widget('bootstrap.widge...', Array)
#13 /f/GitHub/Yii/framework/web/CBaseController.php(126): require('/f/GitHub/CRM/p...')
#14 /f/GitHub/Yii/framework/web/CBaseController.php(95): CBaseController->renderInternal('/f/GitHub/CRM/p...', Array, true)
#15 /f/GitHub/Yii/framework/web/CController.php(869): CBaseController->renderFile('/f/GitHub/CRM/p...', Array, true)
#16 /f/GitHub/Yii/framework/web/CController.php(782): CController->renderPartial('view', Array, true)
#17 /f/GitHub/CRM/protected/modules/rights/controllers/AssignmentController.php(98): CController->render('view', Array)
#18 /f/GitHub/Yii/framework/web/actions/CInlineAction.php(49): AssignmentController->actionView()
#19 /f/GitHub/Yii/framework/web/CController.php(308): CInlineAction->runWithParams(Array)
#20 /f/GitHub/Yii/framework/web/filters/CFilterChain.php(133): CController->runAction(Object(CInlineAction))
#21 /f/GitHub/Yii/framework/web/filters/CFilter.php(40): CFilterChain->run()
#22 /f/GitHub/Yii/framework/web/CController.php(1145): CFilter->filter(Object(CFilterChain))
#23 /f/GitHub/Yii/framework/web/filters/CInlineFilter.php(58): CController->filterAccessControl(Object(CFilterChain))
#24 /f/GitHub/Yii/framework/web/filters/CFilterChain.php(130): CInlineFilter->filter(Object(CFilterChain))
#25 /f/GitHub/Yii/framework/web/CController.php(291): CFilterChain->run()
#26 /f/GitHub/Yii/framework/web/CController.php(265): CController->runActionWithFilters(Object(CInlineAction), Array)
#27 /f/GitHub/Yii/framework/web/CWebApplication.php(282): CController->run('view')
#28 /f/GitHub/Yii/framework/web/CWebApplication.php(141): CWebApplication->runController('rights/assignme...')
#29 /f/GitHub/Yii/framework/base/CApplication.php(180): CWebApplication->processRequest()
#30 /f/GitHub/CRM/index.php(14): CApplication->run()
#31 {main}
REQUEST_URI=/GitHub/CRM/rights/assignment/view
---
2013/11/25 10:43:48 [error] [system.db.CDbCommand] CDbCommand::fetchColumn() failed: SQLSTATE[42000]: Syntax error or access violation: 1064 You have an error in your SQL syntax; check the manual that corresponds to your MySQL server version for the right syntax to use near 'AMD user_name<>'admin')' at line 1. The SQL statement executed was: SELECT COUNT(*) FROM `tak_manage` `t` WHERE (fromid=1) AND ( fromid = 1 AMD user_name<>'admin').
in /f/GitHub/CRM/protected/modules/rights/components/dataproviders/RAssignmentDataProvider.php (30)
in /f/GitHub/CRM/protected/extensions/bootstrap/widgets/TbGridView.php (49)
in /f/GitHub/CRM/protected/modules/rights/views/assignment/view.php (77)
2013/11/25 10:43:48 [error] [exception.CDbException] exception 'CDbException' with message 'CDbCommand 无法执行 SQL 语句: SQLSTATE[42000]: Syntax error or access violation: 1064 You have an error in your SQL syntax; check the manual that corresponds to your MySQL server version for the right syntax to use near 'AMD user_name<>'admin')' at line 1. The SQL statement executed was: SELECT COUNT(*) FROM `tak_manage` `t` WHERE (fromid=1) AND ( fromid = 1 AMD user_name<>'admin')' in /f/GitHub/Yii/framework/db/CDbCommand.php:551
Stack trace:
#0 /f/GitHub/Yii/framework/db/CDbCommand.php(433): CDbCommand->queryInternal('fetchColumn', 0, Array)
#1 /f/GitHub/Yii/framework/db/ar/CActiveRecord.php(1601): CDbCommand->queryScalar()
#2 /f/GitHub/Yii/framework/web/CActiveDataProvider.php(228): CActiveRecord->count(Object(CDbCriteria))
#3 /f/GitHub/Yii/framework/web/CDataProvider.php(224): CActiveDataProvider->calculateTotalItemCount()
#4 /f/GitHub/Yii/framework/web/CActiveDataProvider.php(178): CDataProvider->getTotalItemCount()
#5 /f/GitHub/CRM/protected/modules/rights/components/dataproviders/RAssignmentDataProvider.php(30): CActiveDataProvider->fetchData()
#6 /f/GitHub/Yii/framework/web/CDataProvider.php(168): RAssignmentDataProvider->fetchData()
#7 /f/GitHub/Yii/framework/zii/widgets/CBaseListView.php(111): CDataProvider->getData()
#8 /f/GitHub/Yii/framework/zii/widgets/grid/CGridView.php(339): CBaseListView->init()
#9 /f/GitHub/CRM/protected/extensions/bootstrap/widgets/TbGridView.php(49): CGridView->init()
#10 /f/GitHub/Yii/framework/web/CBaseController.php(147): TbGridView->init()
#11 /f/GitHub/Yii/framework/web/CBaseController.php(172): CBaseController->createWidget('bootstrap.widge...', Array)
#12 /f/GitHub/CRM/protected/modules/rights/views/assignment/view.php(77): CBaseController->widget('bootstrap.widge...', Array)
#13 /f/GitHub/Yii/framework/web/CBaseController.php(126): require('/f/GitHub/CRM/p...')
#14 /f/GitHub/Yii/framework/web/CBaseController.php(95): CBaseController->renderInternal('/f/GitHub/CRM/p...', Array, true)
#15 /f/GitHub/Yii/framework/web/CController.php(869): CBaseController->renderFile('/f/GitHub/CRM/p...', Array, true)
#16 /f/GitHub/Yii/framework/web/CController.php(782): CController->renderPartial('view', Array, true)
#17 /f/GitHub/CRM/protected/modules/rights/controllers/AssignmentController.php(98): CController->render('view', Array)
#18 /f/GitHub/Yii/framework/web/actions/CInlineAction.php(49): AssignmentController->actionView()
#19 /f/GitHub/Yii/framework/web/CController.php(308): CInlineAction->runWithParams(Array)
#20 /f/GitHub/Yii/framework/web/filters/CFilterChain.php(133): CController->runAction(Object(CInlineAction))
#21 /f/GitHub/Yii/framework/web/filters/CFilter.php(40): CFilterChain->run()
#22 /f/GitHub/Yii/framework/web/CController.php(1145): CFilter->filter(Object(CFilterChain))
#23 /f/GitHub/Yii/framework/web/filters/CInlineFilter.php(58): CController->filterAccessControl(Object(CFilterChain))
#24 /f/GitHub/Yii/framework/web/filters/CFilterChain.php(130): CInlineFilter->filter(Object(CFilterChain))
#25 /f/GitHub/Yii/framework/web/CController.php(291): CFilterChain->run()
#26 /f/GitHub/Yii/framework/web/CController.php(265): CController->runActionWithFilters(Object(CInlineAction), Array)
#27 /f/GitHub/Yii/framework/web/CWebApplication.php(282): CController->run('view')
#28 /f/GitHub/Yii/framework/web/CWebApplication.php(141): CWebApplication->runController('rights/assignme...')
#29 /f/GitHub/Yii/framework/base/CApplication.php(180): CWebApplication->processRequest()
#30 /f/GitHub/CRM/index.php(14): CApplication->run()
#31 {main}
REQUEST_URI=/GitHub/CRM/rights/assignment/view
---
